0 info it worked if it ends with ok
1 verbose cli [ '/usr/local/Cellar/node/5.9.1/bin/node',
1 verbose cli   '/usr/local/bin/npm',
1 verbose cli   'install' ]
2 info using npm@4.0.5
3 info using node@v5.9.1
4 silly loadCurrentTree Starting
5 silly install loadCurrentTree
6 silly install readLocalPackageData
7 silly install normalizeTree
8 silly loadCurrentTree Finishing
9 silly loadIdealTree Starting
10 silly install loadIdealTree
11 silly cloneCurrentTree Starting
12 silly install cloneCurrentTreeToIdealTree
13 silly cloneCurrentTree Finishing
14 silly loadShrinkwrap Starting
15 silly install loadShrinkwrap
16 silly loadShrinkwrap Finishing
17 silly loadAllDepsIntoIdealTree Starting
18 silly install loadAllDepsIntoIdealTree
19 silly loadAllDepsIntoIdealTree Finishing
20 silly loadIdealTree Finishing
21 silly currentTree soundengine@1.0.1
21 silly currentTree └── nan@2.5.1
22 silly idealTree soundengine@1.0.1
22 silly idealTree └── nan@2.5.1
23 silly generateActionsToTake Starting
24 silly install generateActionsToTake
25 silly generateActionsToTake Finishing
26 silly diffTrees action count 0
27 silly decomposeActions action count 0
28 silly runTopLevelLifecycles Starting
29 silly install runPreinstallTopLevelLifecycles
30 silly preinstall soundengine@1.0.1
31 info lifecycle soundengine@1.0.1~preinstall: soundengine@1.0.1
32 silly lifecycle soundengine@1.0.1~preinstall: no script for preinstall, continuing
33 silly executeActions Starting
34 silly install executeActions
35 silly doSerial global-install 0
36 silly doParallel fetch 0
37 verbose correctMkdir /Users/martinmende/.npm/_locks correctMkdir not in flight; initializing
38 verbose lock using /Users/martinmende/.npm/_locks/staging-6b5a8222a4f3128c.lock for /Users/martinmende/Documents/development/soundengine/node_modules/.staging
39 silly doParallel extract 0
40 silly doParallel preinstall 0
41 silly doReverseSerial remove 0
42 silly doSerial move 0
43 silly doSerial finalize 0
44 silly doSerial build 0
45 silly doSerial global-link 0
46 silly doParallel update-linked 0
47 silly doSerial install 0
48 silly doSerial postinstall 0
49 verbose unlock done using /Users/martinmende/.npm/_locks/staging-6b5a8222a4f3128c.lock for /Users/martinmende/Documents/development/soundengine/node_modules/.staging
50 silly executeActions Finishing
51 silly rollbackFailedOptional Starting
52 silly rollbackFailedOptional Finishing
53 silly install runPostinstallTopLevelLifecycles
54 silly build soundengine@1.0.1
55 info linkStuff soundengine@1.0.1
56 silly linkStuff soundengine@1.0.1 has /Users/martinmende/Documents/development as its parent node_modules
57 verbose linkBins soundengine@1.0.1
58 verbose linkMans soundengine@1.0.1
59 silly install soundengine@1.0.1
60 info lifecycle soundengine@1.0.1~install: soundengine@1.0.1
61 verbose lifecycle soundengine@1.0.1~install: unsafe-perm in lifecycle true
62 verbose lifecycle soundengine@1.0.1~install: PATH: /usr/local/lib/node_modules/npm/bin/node-gyp-bin:/Users/martinmende/Documents/development/soundengine/node_modules/.bin:/Users/martinmende/Sofware/ruby/bin:/usr/local/mysql/bin:/usr/local/bin:/usr/bin:/bin:/usr/sbin:/sbin:/usr/local/bin:/usr/local/git/bin:/usr/local/MacGPG2/bin:/opt/php56/bin:/usr/local/bin:/usr/bin:/bin:/usr/sbin:/sbin:/usr/texbin:/usr/local/bin/npm:/usr/local/bin/node:/opt/X11/bin:/Applications/Server.app/Contents/ServerRoot/usr/bin:/Applications/Server.app/Contents/ServerRoot/usr/sbin:/usr/local/git/bin:/usr/local/MacGPG2/bin:/Library/Frameworks/Mono.framework/Versions/Current/Commands:/Users/martinmende/.gems/bi:/Users/martinmende/.gems/bin
63 verbose lifecycle soundengine@1.0.1~install: CWD: /Users/martinmende/Documents/development/soundengine
64 silly lifecycle soundengine@1.0.1~install: Args: [ '-c', 'node-gyp rebuild' ]
65 silly lifecycle soundengine@1.0.1~install: Returned: code: 1  signal: null
66 info lifecycle soundengine@1.0.1~install: Failed to exec install script
67 verbose stack Error: soundengine@1.0.1 install: `node-gyp rebuild`
67 verbose stack Exit status 1
67 verbose stack     at EventEmitter.<anonymous> (/usr/local/lib/node_modules/npm/lib/utils/lifecycle.js:279:16)
67 verbose stack     at emitTwo (events.js:100:13)
67 verbose stack     at EventEmitter.emit (events.js:185:7)
67 verbose stack     at ChildProcess.<anonymous> (/usr/local/lib/node_modules/npm/lib/utils/spawn.js:40:14)
67 verbose stack     at emitTwo (events.js:100:13)
67 verbose stack     at ChildProcess.emit (events.js:185:7)
67 verbose stack     at maybeClose (internal/child_process.js:850:16)
67 verbose stack     at Process.ChildProcess._handle.onexit (internal/child_process.js:215:5)
68 verbose pkgid soundengine@1.0.1
69 verbose cwd /Users/martinmende/Documents/development/soundengine
70 error Darwin 16.5.0
71 error argv "/usr/local/Cellar/node/5.9.1/bin/node" "/usr/local/bin/npm" "install"
72 error node v5.9.1
73 error npm  v4.0.5
74 error code ELIFECYCLE
75 error soundengine@1.0.1 install: `node-gyp rebuild`
75 error Exit status 1
76 error Failed at the soundengine@1.0.1 install script 'node-gyp rebuild'.
76 error Make sure you have the latest version of node.js and npm installed.
76 error If you do, this is most likely a problem with the soundengine package,
76 error not with npm itself.
76 error Tell the author that this fails on your system:
76 error     node-gyp rebuild
76 error You can get information on how to open an issue for this project with:
76 error     npm bugs soundengine
76 error Or if that isn't available, you can get their info via:
76 error     npm owner ls soundengine
76 error There is likely additional logging output above.
77 verbose exit [ 1, true ]
